
Attaching package: ‘dplyr’

The following objects are masked from ‘package:stats’:

    filter, lag

The following objects are masked from ‘package:base’:

    intersect, setdiff, setequal, union

‘SeuratObject’ was built under R 4.4.0 but the current version is
4.4.1; it is recomended that you reinstall ‘SeuratObject’ as the ABI
for R may have changed

Attaching package: ‘SeuratObject’

The following objects are masked from ‘package:base’:

    intersect, t

Saving 7 x 7 in image
Warning: Default search for "data" layer in "RNA" assay yielded no results; utilizing "counts" layer instead.
Saving 7 x 7 in image
Warning: Default search for "data" layer in "RNA" assay yielded no results; utilizing "counts" layer instead.
Warning: The following features are not present in the object: MCM5, PCNA, TYMS, FEN1, MCM7, MCM4, RRM1, UNG, GINS2, MCM6, CDCA7, DTL, PRIM1, UHRF1, CENPU, HELLS, RFC2, POLR1B, NASP, RAD51AP1, GMNN, WDR76, SLBP, CCNE2, UBR7, POLD3, MSH2, ATAD2, RAD51, RRM2, CDC45, CDC6, EXO1, TIPIN, DSCC1, BLM, CASP8AP2, USP1, CLSPN, POLA1, CHAF1B, MRPL36, E2F8, not searching for symbol synonyms
Warning: The following features are not present in the object: HMGB2, CDK1, NUSAP1, UBE2C, BIRC5, TPX2, TOP2A, NDC80, CKS2, NUF2, CKS1B, MKI67, TMPO, CENPF, TACC3, PIMREG, SMC4, CCNB2, CKAP2L, CKAP2, AURKB, BUB1, KIF11, ANP32E, TUBB4B, GTSE1, KIF20B, HJURP, CDCA3, JPT1, CDC20, TTK, CDC25C, KIF2C, RANGAP1, NCAPD2, DLGAP5, CDCA2, CDCA8, ECT2, KIF23, HMMR, AURKA, PSRC1, ANLN, LBR, CKAP5, CENPE, CTCF, NEK2, G2E3, GAS2L3, CBX5, CENPA, not searching for symbol synonyms
Saving 7 x 7 in image
Warning: Default search for "data" layer in "RNA" assay yielded no results; utilizing "counts" layer instead.
Saving 7 x 7 in image
Warning: Default search for "data" layer in "RNA" assay yielded no results; utilizing "counts" layer instead.
Warning: The following features are not present in the object: MCM5, PCNA, TYMS, FEN1, MCM7, MCM4, RRM1, UNG, GINS2, MCM6, CDCA7, DTL, PRIM1, UHRF1, CENPU, HELLS, RFC2, POLR1B, NASP, RAD51AP1, GMNN, WDR76, SLBP, CCNE2, UBR7, POLD3, MSH2, ATAD2, RAD51, RRM2, CDC45, CDC6, EXO1, TIPIN, DSCC1, BLM, CASP8AP2, USP1, CLSPN, POLA1, CHAF1B, MRPL36, E2F8, not searching for symbol synonyms
Warning: The following features are not present in the object: HMGB2, CDK1, NUSAP1, UBE2C, BIRC5, TPX2, TOP2A, NDC80, CKS2, NUF2, CKS1B, MKI67, TMPO, CENPF, TACC3, PIMREG, SMC4, CCNB2, CKAP2L, CKAP2, AURKB, BUB1, KIF11, ANP32E, TUBB4B, GTSE1, KIF20B, HJURP, CDCA3, JPT1, CDC20, TTK, CDC25C, KIF2C, RANGAP1, NCAPD2, DLGAP5, CDCA2, CDCA8, ECT2, KIF23, HMMR, AURKA, PSRC1, ANLN, LBR, CKAP5, CENPE, CTCF, NEK2, G2E3, GAS2L3, CBX5, CENPA, not searching for symbol synonyms
Saving 7 x 7 in image
Warning: Default search for "data" layer in "RNA" assay yielded no results; utilizing "counts" layer instead.
Saving 7 x 7 in image
Warning: Default search for "data" layer in "RNA" assay yielded no results; utilizing "counts" layer instead.
Warning: The following features are not present in the object: MCM5, PCNA, TYMS, FEN1, MCM7, MCM4, RRM1, UNG, GINS2, MCM6, CDCA7, DTL, PRIM1, UHRF1, CENPU, HELLS, RFC2, POLR1B, NASP, RAD51AP1, GMNN, WDR76, SLBP, CCNE2, UBR7, POLD3, MSH2, ATAD2, RAD51, RRM2, CDC45, CDC6, EXO1, TIPIN, DSCC1, BLM, CASP8AP2, USP1, CLSPN, POLA1, CHAF1B, MRPL36, E2F8, not searching for symbol synonyms
Warning: The following features are not present in the object: HMGB2, CDK1, NUSAP1, UBE2C, BIRC5, TPX2, TOP2A, NDC80, CKS2, NUF2, CKS1B, MKI67, TMPO, CENPF, TACC3, PIMREG, SMC4, CCNB2, CKAP2L, CKAP2, AURKB, BUB1, KIF11, ANP32E, TUBB4B, GTSE1, KIF20B, HJURP, CDCA3, JPT1, CDC20, TTK, CDC25C, KIF2C, RANGAP1, NCAPD2, DLGAP5, CDCA2, CDCA8, ECT2, KIF23, HMMR, AURKA, PSRC1, ANLN, LBR, CKAP5, CENPE, CTCF, NEK2, G2E3, GAS2L3, CBX5, CENPA, not searching for symbol synonyms
Saving 7 x 7 in image
Warning: Default search for "data" layer in "RNA" assay yielded no results; utilizing "counts" layer instead.
Saving 7 x 7 in image
Warning: Default search for "data" layer in "RNA" assay yielded no results; utilizing "counts" layer instead.
Warning: The following features are not present in the object: MCM5, PCNA, TYMS, FEN1, MCM7, MCM4, RRM1, UNG, GINS2, MCM6, CDCA7, DTL, PRIM1, UHRF1, CENPU, HELLS, RFC2, POLR1B, NASP, RAD51AP1, GMNN, WDR76, SLBP, CCNE2, UBR7, POLD3, MSH2, ATAD2, RAD51, RRM2, CDC45, CDC6, EXO1, TIPIN, DSCC1, BLM, CASP8AP2, USP1, CLSPN, POLA1, CHAF1B, MRPL36, E2F8, not searching for symbol synonyms
Warning: The following features are not present in the object: HMGB2, CDK1, NUSAP1, UBE2C, BIRC5, TPX2, TOP2A, NDC80, CKS2, NUF2, CKS1B, MKI67, TMPO, CENPF, TACC3, PIMREG, SMC4, CCNB2, CKAP2L, CKAP2, AURKB, BUB1, KIF11, ANP32E, TUBB4B, GTSE1, KIF20B, HJURP, CDCA3, JPT1, CDC20, TTK, CDC25C, KIF2C, RANGAP1, NCAPD2, DLGAP5, CDCA2, CDCA8, ECT2, KIF23, HMMR, AURKA, PSRC1, ANLN, LBR, CKAP5, CENPE, CTCF, NEK2, G2E3, GAS2L3, CBX5, CENPA, not searching for symbol synonyms
Saving 7 x 7 in image
Warning: Default search for "data" layer in "RNA" assay yielded no results; utilizing "counts" layer instead.
Saving 7 x 7 in image
Warning: Default search for "data" layer in "RNA" assay yielded no results; utilizing "counts" layer instead.
Warning: The following features are not present in the object: MCM5, PCNA, TYMS, FEN1, MCM7, MCM4, RRM1, UNG, GINS2, MCM6, CDCA7, DTL, PRIM1, UHRF1, CENPU, HELLS, RFC2, POLR1B, NASP, RAD51AP1, GMNN, WDR76, SLBP, CCNE2, UBR7, POLD3, MSH2, ATAD2, RAD51, RRM2, CDC45, CDC6, EXO1, TIPIN, DSCC1, BLM, CASP8AP2, USP1, CLSPN, POLA1, CHAF1B, MRPL36, E2F8, not searching for symbol synonyms
Warning: The following features are not present in the object: HMGB2, CDK1, NUSAP1, UBE2C, BIRC5, TPX2, TOP2A, NDC80, CKS2, NUF2, CKS1B, MKI67, TMPO, CENPF, TACC3, PIMREG, SMC4, CCNB2, CKAP2L, CKAP2, AURKB, BUB1, KIF11, ANP32E, TUBB4B, GTSE1, KIF20B, HJURP, CDCA3, JPT1, CDC20, TTK, CDC25C, KIF2C, RANGAP1, NCAPD2, DLGAP5, CDCA2, CDCA8, ECT2, KIF23, HMMR, AURKA, PSRC1, ANLN, LBR, CKAP5, CENPE, CTCF, NEK2, G2E3, GAS2L3, CBX5, CENPA, not searching for symbol synonyms
There were 21 warnings (use warnings() to see them)
