‘SeuratObject’ was built under R 4.4.0 but the current version is
4.4.1; it is recomended that you reinstall ‘SeuratObject’ as the ABI
for R may have changed

Attaching package: ‘SeuratObject’

The following objects are masked from ‘package:base’:

    intersect, t


Attaching package: ‘dplyr’

The following objects are masked from ‘package:stats’:

    filter, lag

The following objects are masked from ‘package:base’:

    intersect, setdiff, setequal, union

Warning: The default method for RunUMAP has changed from calling Python UMAP via reticulate to the R-native UWOT using the cosine metric
To use Python UMAP via reticulate, set umap.method to 'umap-learn' and metric to 'correlation'
This message will be shown once per session
16:01:43 UMAP embedding parameters a = 0.9922 b = 1.112
16:01:43 Read 15213 rows and found 30 numeric columns
16:01:43 Using Annoy for neighbor search, n_neighbors = 30
16:01:43 Building Annoy index with metric = cosine, n_trees = 50
0%   10   20   30   40   50   60   70   80   90   100%
[----|----|----|----|----|----|----|----|----|----|
**************************************************|
16:01:44 Writing NN index file to temp file /tmp/RtmpFIhn4o/file11f7e224ea0820
16:01:44 Searching Annoy index using 1 thread, search_k = 3000
16:01:49 Annoy recall = 100%
16:01:49 Commencing smooth kNN distance calibration using 1 thread with target n_neighbors = 30
16:01:50 Initializing from normalized Laplacian + noise (using RSpectra)
16:01:50 Commencing optimization for 200 epochs, with 684792 positive edges
Using method 'umap'
0%   10   20   30   40   50   60   70   80   90   100%
[----|----|----|----|----|----|----|----|----|----|
**************************************************|
16:01:57 Optimization finished
Computing nearest neighbor graph
Computing SNN
0%   10   20   30   40   50   60   70   80   90   100%
[----|----|----|----|----|----|----|----|----|----|
**************************************************|
0%   10   20   30   40   50   60   70   80   90   100%
[----|----|----|----|----|----|----|----|----|----|
**************************************************|
Calculating cluster 0
Calculating cluster 1
Calculating cluster 2
Calculating cluster 3
Calculating cluster 4
Calculating cluster 5
Calculating cluster 6
Calculating cluster 7
Calculating cluster 8
Calculating cluster 9
Calculating cluster 10
Calculating cluster 11
Calculating cluster 12
Calculating cluster 13
Calculating cluster 14
Calculating cluster 15
Calculating cluster 16
Calculating cluster 17
Calculating cluster 18
Calculating cluster 19
Calculating cluster 20
reading loom file via hdf5r...
reading loom file via hdf5r...
reading loom file via hdf5r...
reading loom file via hdf5r...
reading loom file via hdf5r...

  |                                                                            
  |                                                                      |   0%
  |                                                                            
  |=======================                                               |  33%
  |                                                                            
  |===============================================                       |  67%
  |                                                                            
  |======================================================================| 100%

  |                                                                            
  |                                                                      |   0%
  |                                                                            
  |=======================                                               |  33%
  |                                                                            
  |===============================================                       |  67%
  |                                                                            
  |======================================================================| 100%

  |                                                                            
  |                                                                      |   0%
  |                                                                            
  |=======================                                               |  33%
  |                                                                            
  |===============================================                       |  67%
  |                                                                            
  |======================================================================| 100%

  |                                                                            
  |                                                                      |   0%
  |                                                                            
  |=======================                                               |  33%
  |                                                                            
  |===============================================                       |  67%
  |                                                                            
  |======================================================================| 100%

  |                                                                            
  |                                                                      |   0%
  |                                                                            
  |=======================                                               |  33%
  |                                                                            
  |===============================================                       |  67%
  |                                                                            
  |======================================================================| 100%
Warning: Assay spliced changing from Assay5 to Assay
Warning messages:
1: The `counts` argument of `DietSeurat()` is deprecated as of Seurat 5.0.0.
ℹ Please use the `layers` argument instead. 
2: The `data` argument of `DietSeurat()` is deprecated as of Seurat 5.0.0.
ℹ Please use the `layers` argument instead. 
3: The `scale.data` argument of `DietSeurat()` is deprecated as of Seurat 5.0.0.
ℹ Please use the `layers` argument instead. 
Warning message:
Different cells and/or features from existing assay spliced 
Warning message:
Different cells and/or features from existing assay unspliced 
Warning: Assay RNA changing from Assay5 to Assay
Warning message:
In .regularise_df(obj@meta.data, drop_single_values = drop_single_values) :
  Dropping single category variables:CMOtype, Multiplexing
Warning message:
In asMethod(object) :
  sparse->dense coercion: allocating vector of size 3.6 GiB
Warning message:
In asMethod(object) :
  sparse->dense coercion: allocating vector of size 3.6 GiB
/usr/local/lib/python3.10/dist-packages/scvelo/preprocessing/utils.py:705: DeprecationWarning: `log1p` is deprecated since scVelo v0.3.0 and will be removed in a future version. Please use `log1p` from `scanpy.pp` instead.
  log1p(adata)
/usr/local/lib/python3.10/dist-packages/scvelo/tools/optimization.py:184: DeprecationWarning: Conversion of an array with ndim > 0 to a scalar is deprecated, and will error in future. Ensure you extract a single element from your array before performing this operation. (Deprecated NumPy 1.25.)
  gamma[i] = np.linalg.pinv(A.T.dot(A)).dot(A.T.dot(y[:, i]))
/usr/local/lib/python3.10/dist-packages/scvelo/preprocessing/utils.py:705: DeprecationWarning: `log1p` is deprecated since scVelo v0.3.0 and will be removed in a future version. Please use `log1p` from `scanpy.pp` instead.
  log1p(adata)
/usr/local/lib/python3.10/dist-packages/scvelo/tools/optimization.py:184: DeprecationWarning: Conversion of an array with ndim > 0 to a scalar is deprecated, and will error in future. Ensure you extract a single element from your array before performing this operation. (Deprecated NumPy 1.25.)
  gamma[i] = np.linalg.pinv(A.T.dot(A)).dot(A.T.dot(y[:, i]))
X -> counts
