null device 
          1 
null device 
          1 
null device 
          1 
null device 
          1 
null device 
          1 
[1] 15213

   Primitive Streak Definitive Endoderm    Nascent Mesoderm      Mixed Mesoderm 
                  0                   0                   0                   0 
        Neural Tube                NMPs       Posterior PSM        Anterior PSM 
                  0                1068                 667                 544 
   Somitic Mesoderm        Dermo/Sclero     Caudal Epiblast     Caudal Mesoderm 
               1784                1125                   0                   0 
                PGC         Endothelial             Unknown 
                  0                   0                   0 
pdf 
  2 
pdf 
  2 
1700019D03Rik Ap1m2 Ap3b2 Ass1 Bst2 Cbx7 Cdh1 Chchd10 Cldn3 Cldn7 Crip1 Crip2 Epcam Ephx2 Epp13 Esrp1 Fgf5 Fmr1nb Fst Fuom Gng3 Gstt2 Kif1a L1td1 Lefty1 Mt1 Nanog Nodal Nrcam Pcsk1n Pdzd4 Pim2 Pla2g1b Plaat3 Platr10 Pmepa1 Pou5f1 Ppp4r4 Rab25 Rapgef5 Rbmxl2 Slc7a7 Stap2 Tdgf1 Tdh Tmem238 Tuba4a Utf1 Vrtn Wnt3pdf 
  3 
pdf 
  3 
