[1] "chr4_JH584295_random-1-788"     "chr4_JH584295_random-1185-1976"
An object of class Seurat 
224705 features across 11001 samples within 2 assays 
Active assay: ATAC (169564 features, 0 variable features)
 2 layers present: counts, data
 1 other assay present: RNA
An object of class Seurat 
224705 features across 7658 samples within 2 assays 
Active assay: ATAC (169564 features, 0 variable features)
 2 layers present: counts, data
 1 other assay present: RNA
[1] 169401
[1] 169564   7658
Modularity Optimizer version 1.3.0 by Ludo Waltman and Nees Jan van Eck

Number of nodes: 7658
Number of edges: 107962

Running Louvain algorithm...
Maximum modularity in 10 random starts: 0.6653
Number of communities: 10
Elapsed time: 0 seconds
Modularity Optimizer version 1.3.0 by Ludo Waltman and Nees Jan van Eck

Number of nodes: 7658
Number of edges: 107962

Running Louvain algorithm...
Maximum modularity in 10 random starts: 0.7045
Number of communities: 8
Elapsed time: 0 seconds
Modularity Optimizer version 1.3.0 by Ludo Waltman and Nees Jan van Eck

Number of nodes: 7658
Number of edges: 107962

Running Louvain algorithm...
Maximum modularity in 10 random starts: 0.7293
Number of communities: 7
Elapsed time: 0 seconds
