
   0    1    2    3    4    5    6 
2762 2393 1104  993    0    0    0 
Filtered out 46566 genes that are detected 20 counts (shared).
Normalized count data: X, spliced, unspliced.
Extracted 4000 highly variable genes.
Logarithmized X.
computing moments based on connectivities
    finished (0:00:04) --> added 
    'Ms' and 'Mu', moments of un/spliced abundances (adata.layers)
computing velocities
    finished (0:00:01) --> added 
    'velocity', velocity vectors for each individual cell (adata.layers)
computing velocity graph (using 1/72 cores)
WARNING: Unable to create progress bar. Consider installing `tqdm` as `pip install tqdm` and `ipywidgets` as `pip install ipywidgets`,
or disable the progress bar using `show_progress_bar=False`.
    finished (0:00:06) --> added 
    'velocity_graph', sparse matrix with cosine correlations (adata.uns)
recovering dynamics (using 1/72 cores)
    finished (0:02:27) --> added 
    'fit_pars', fitted parameters for splicing dynamics (adata.var)
computing terminal states
    identified 9 regions of root cells and 1 region of end points .
    finished (0:00:00) --> added
    'root_cells', root cells of Markov diffusion process (adata.obs)
    'end_points', end points of Markov diffusion process (adata.obs)
computing latent time using root_cells as prior
    finished (0:00:01) --> added 
    'latent_time', shared time (adata.obs)
Filtered out 46684 genes that are detected 20 counts (shared).
Normalized count data: X, spliced, unspliced.
Extracted 4000 highly variable genes.
Logarithmized X.
computing moments based on connectivities
    finished (0:00:04) --> added 
    'Ms' and 'Mu', moments of un/spliced abundances (adata.layers)
computing velocities
    finished (0:00:01) --> added 
    'velocity', velocity vectors for each individual cell (adata.layers)
computing velocity graph (using 1/72 cores)
    finished (0:00:05) --> added 
    'velocity_graph', sparse matrix with cosine correlations (adata.uns)
recovering dynamics (using 1/72 cores)
    finished (0:01:59) --> added 
    'fit_pars', fitted parameters for splicing dynamics (adata.var)
computing terminal states
    identified 8 regions of root cells and 1 region of end points .
    finished (0:00:00) --> added
    'root_cells', root cells of Markov diffusion process (adata.obs)
    'end_points', end points of Markov diffusion process (adata.obs)
computing latent time using root_cells as prior
    finished (0:00:01) --> added 
    'latent_time', shared time (adata.obs)
