
    1     2     3 
50879  4628  1032 
   
    FALSE  TRUE
  1 49539  1340
  2  4572    56
  3  1030     2
loading E6.5
subset E6.5
loading E6.75
subset E6.75
loading E7.0
subset E7.0
loading E7.25
subset E7.25
loading E7.5
subset E7.5
loading E7.75
subset E7.75
loading E8
subset E8
loading E8.25
subset E8.25
loading E8.5a
subset E8.5a
loading E9.5
subset E9.5
             used    (Mb) gc trigger    (Mb)   max used    (Mb)
Ncells    3463236   185.0    6373802   340.4    6373802   340.4
Vcells 1393379669 10630.7 4231326038 32282.5 5241136082 39986.7
             used    (Mb) gc trigger    (Mb)   max used    (Mb)
Ncells    3465857   185.1    6373802   340.4    6373802   340.4
Vcells 1423718802 10862.2 4231326038 32282.5 5241136082 39986.7
                  
                   Gastruloid  Mouse
  our                   15213      0
  TOME_Cheng                0    803
  TOME_E9.5                 0  20000
  TOME_Mohammed             0    157
  TOME_Pijuan-Sala          0 108857
                  
                    E6.5 E6.75    E7 E7.25  E7.5 E7.75    E8 E8.25 E8.5a  E9.5
  our                  0     0     0     0     0     0     0     0     0     0
  TOME_Cheng         803     0     0     0     0     0     0     0     0     0
  TOME_E9.5            0     0     0     0     0     0     0     0     0 20000
  TOME_Mohammed      157     0     0     0     0     0     0     0     0     0
  TOME_Pijuan-Sala  3484  2075 14749 13537 10994 14493 16681 15935 16909     0
                  
                    <NA>
  our              15213
  TOME_Cheng           0
  TOME_E9.5            0
  TOME_Mohammed        0
  TOME_Pijuan-Sala     0
             used    (Mb) gc trigger    (Mb)   max used    (Mb)
Ncells    3472016   185.5    6373802   340.4    6373802   340.4
Vcells 1424767137 10870.2 4231326038 32282.5 5241136082 39986.7
             used    (Mb) gc trigger    (Mb)   max used    (Mb)
Ncells    3484954   186.2    6373802   340.4    6373802   340.4
Vcells 1425826980 10878.2 4231326038 32282.5 5241136082 39986.7
             used    (Mb) gc trigger    (Mb)   max used    (Mb)
Ncells    3501336   187.0    6373802   340.4    6373802   340.4
Vcells 1761327893 13437.9 4231326038 32282.5 5241136082 39986.7
